<?xml version="1.0" encoding="UTF-8"?>
<testng-results ignored="0" total="1" passed="1" failed="0" skipped="0">
  <reporter-output>
  </reporter-output>
  <suite started-at="2024-12-22T14:21:29 IST" name="Default suite" finished-at="2024-12-22T14:21:45 IST" duration-ms="16017">
    <groups>
    </groups>
    <test started-at="2024-12-22T14:21:29 IST" name="Default test" finished-at="2024-12-22T14:21:45 IST" duration-ms="16017">
      <class name="com.cdac.acts.TestClass">
        <test-method is-config="true" signature="profileSetup()[pri:0, instance:com.cdac.acts.TestClass@36fc695d]" started-at="2024-12-22T14:21:29 IST" name="profileSetup" finished-at="2024-12-22T14:21:32 IST" duration-ms="2649" status="PASS">
          <reporter-output>
          </reporter-output>
        </test-method> <!-- profileSetup -->
        <test-method signature="verifyTimer()[pri:0, instance:com.cdac.acts.TestClass@36fc695d]" started-at="2024-12-22T14:21:32 IST" name="verifyTimer" finished-at="2024-12-22T14:21:45 IST" duration-ms="13142" status="PASS">
          <reporter-output>
          </reporter-output>
        </test-method> <!-- verifyTimer -->
        <test-method is-config="true" signature="tearDown()[pri:0, instance:com.cdac.acts.TestClass@36fc695d]" started-at="2024-12-22T14:21:45 IST" name="tearDown" finished-at="2024-12-22T14:21:45 IST" duration-ms="173" status="PASS">
          <reporter-output>
          </reporter-output>
        </test-method> <!-- tearDown -->
      </class> <!-- com.cdac.acts.TestClass -->
    </test> <!-- Default test -->
  </suite> <!-- Default suite -->
</testng-results>
